{"level":"info","time":"2025-08-18T18:00:44.105+0800","caller":"config/config.go:93","msg":"加载配置文件","config_name":"config.dev"}
{"level":"info","time":"2025-08-18T18:00:44.105+0800","caller":"config/config.go:101","msg":"配置文件搜索路径","paths":["config/","../config/","../../config/"]}
{"level":"info","time":"2025-08-18T18:00:44.107+0800","caller":"config/config.go:129","msg":"加载配置文件成功","config_file":"c:\\Users\\caoyan\\LionChat\\config\\config.dev.yaml","environment":""}
{"level":"info","time":"2025-08-18T18:00:44.120+0800","caller":"dao/db.go:44","msg":"数据库连接池配置成功","max_idle_conns":10,"max_open_conns":100,"conn_max_lifetime":0.0000036}
{"level":"info","time":"2025-08-18T18:00:44.121+0800","caller":"app/main.go:34","msg":"数据库初始化成功"}
{"level":"info","time":"2025-08-18T18:00:44.127+0800","caller":"dao/redis.go:44","msg":"Redis连接成功","addr":"localhost:6379","db":0,"pool_size":100,"min_idle_conns":10}
{"level":"info","time":"2025-08-18T18:00:44.127+0800","caller":"app/main.go:40","msg":"Redis初始化成功"}
{"level":"info","time":"2025-08-18T18:00:44.138+0800","caller":"dao/kafak.go:56","msg":"Kafka客户端初始化成功"}
{"level":"info","time":"2025-08-18T18:00:44.138+0800","caller":"app/main.go:47","msg":"Kafka初始化成功"}
{"level":"info","time":"2025-08-18T18:00:44.240+0800","caller":"router/router.go:64","msg":"路由组初始化完成","groupCount":12,"groups":["user","friend","message","group","profile","server","webSocket","monitor","moment","comment","health","stats"]}
{"level":"info","time":"2025-08-18T18:00:44.240+0800","caller":"router/router.go:95","msg":"JWT中间件配置完成","protected_groups":["friend","group","monitor"]}
{"level":"info","time":"2025-08-18T18:00:44.240+0800","caller":"router/router.go:142","msg":"API路由注册完成"}
{"level":"info","time":"2025-08-18T18:00:44.240+0800","caller":"router/router.go:30","msg":"Web引擎初始化完成"}
{"level":"info","time":"2025-08-18T18:00:44.243+0800","caller":"app/main.go:60","msg":"Kafka消费者服务启动成功"}
{"level":"info","time":"2025-08-18T18:00:44.243+0800","caller":"router/router.go:41","msg":"启动Web服务器","addr":":9922"}
{"level":"info","time":"2025-08-18T18:00:44.243+0800","caller":"service/kafka_consumer.go:86","msg":"Kafka消费者服务启动成功","topics":["chat-messages","user-events","group-messages"]}
{"level":"info","time":"2025-08-18T18:00:44.243+0800","caller":"service/worker_house.go:184","msg":"WorkerHouse初始化完成","initialWorkers":10,"maxWorkers":20,"threshold":150}
{"level":"info","time":"2025-08-18T18:00:44.363+0800","caller":"service/kafka_consumer.go:185","msg":"处理用户事件","user_id":"0704e879-c1e8-37f8-8a71-79c7e122f474","event_type":"user_online"}
{"level":"info","time":"2025-08-18T18:00:44.363+0800","caller":"service/kafka_consumer.go:193","msg":"用户上线","user_id":"0704e879-c1e8-37f8-8a71-79c7e122f474"}
{"level":"info","time":"2025-08-18T18:00:54.486+0800","caller":"service/worker_house.go:41","msg":"取出一个工作者","workerID":0,"taskCount":1}
{"level":"info","time":"2025-08-18T18:00:54.486+0800","caller":"service/worker.go:159","msg":"注册连接","uuid":"0704e879-c1e8-37f8-8a71-79c7e122f474","workerID":0}
{"level":"info","time":"2025-08-18T18:00:54.509+0800","caller":"service/kafka_consumer.go:185","msg":"处理用户事件","user_id":"0704e879-c1e8-37f8-8a71-79c7e122f474","event_type":"user_online"}
{"level":"info","time":"2025-08-18T18:00:54.509+0800","caller":"service/kafka_consumer.go:193","msg":"用户上线","user_id":"0704e879-c1e8-37f8-8a71-79c7e122f474"}
{"level":"error","time":"2025-08-18T18:05:29.982+0800","caller":"service/client.go:51","msg":"client read message error:","error":"websocket: close 1005 (no status)"}
{"level":"info","time":"2025-08-18T18:05:29.987+0800","caller":"service/worker.go:281","msg":"客户端连接已清理","uuid":"0704e879-c1e8-37f8-8a71-79c7e122f474"}
{"level":"info","time":"2025-08-18T18:05:29.987+0800","caller":"service/kafka_consumer.go:185","msg":"处理用户事件","user_id":"0704e879-c1e8-37f8-8a71-79c7e122f474","event_type":"user_offline"}
{"level":"info","time":"2025-08-18T18:05:29.987+0800","caller":"service/kafka_consumer.go:196","msg":"用户下线","user_id":"0704e879-c1e8-37f8-8a71-79c7e122f474"}
{"level":"info","time":"2025-08-18T18:05:30.005+0800","caller":"service/worker_house.go:41","msg":"取出一个工作者","workerID":1,"taskCount":1}
{"level":"info","time":"2025-08-18T18:05:30.005+0800","caller":"service/worker.go:159","msg":"注册连接","uuid":"0704e879-c1e8-37f8-8a71-79c7e122f474","workerID":1}
{"level":"info","time":"2025-08-18T18:05:30.008+0800","caller":"service/kafka_consumer.go:185","msg":"处理用户事件","user_id":"0704e879-c1e8-37f8-8a71-79c7e122f474","event_type":"user_online"}
{"level":"info","time":"2025-08-18T18:05:30.008+0800","caller":"service/kafka_consumer.go:193","msg":"用户上线","user_id":"0704e879-c1e8-37f8-8a71-79c7e122f474"}
{"level":"error","time":"2025-08-18T18:05:30.089+0800","caller":"service/client.go:51","msg":"client read message error:","error":"websocket: close 1005 (no status)"}
{"level":"info","time":"2025-08-18T18:05:30.096+0800","caller":"service/worker.go:281","msg":"客户端连接已清理","uuid":"0704e879-c1e8-37f8-8a71-79c7e122f474"}
{"level":"info","time":"2025-08-18T18:05:30.096+0800","caller":"service/kafka_consumer.go:185","msg":"处理用户事件","user_id":"0704e879-c1e8-37f8-8a71-79c7e122f474","event_type":"user_offline"}
{"level":"info","time":"2025-08-18T18:05:30.096+0800","caller":"service/kafka_consumer.go:196","msg":"用户下线","user_id":"0704e879-c1e8-37f8-8a71-79c7e122f474"}
{"level":"info","time":"2025-08-18T18:05:30.144+0800","caller":"service/worker_house.go:41","msg":"取出一个工作者","workerID":2,"taskCount":1}
{"level":"info","time":"2025-08-18T18:05:30.144+0800","caller":"service/worker.go:159","msg":"注册连接","uuid":"0704e879-c1e8-37f8-8a71-79c7e122f474","workerID":2}
{"level":"info","time":"2025-08-18T18:05:30.151+0800","caller":"service/kafka_consumer.go:185","msg":"处理用户事件","user_id":"0704e879-c1e8-37f8-8a71-79c7e122f474","event_type":"user_online"}
{"level":"info","time":"2025-08-18T18:05:30.151+0800","caller":"service/kafka_consumer.go:193","msg":"用户上线","user_id":"0704e879-c1e8-37f8-8a71-79c7e122f474"}
